<?xml version="1.0" encoding="UTF-8"?>
<!-- Generated by org.testng.reporters.JUnitReportReporter -->
<testsuite hostname="DESKTOP-2QNBM3V" failures="0" tests="1" name="com.tests.LogoutTest" time="33.326" errors="0" timestamp="2024-07-25T17:04:05 IST" skipped="0">
  <testcase classname="com.tests.LogoutTest" name="test01" time="33.326"/>
</testsuite> <!-- com.tests.LogoutTest -->
